Arguments: 
  C:\Program Files\nodejs\node.exe C:\Program Files (x86)\Yarn\bin\yarn.js init

PATH: 
  C:\Program Files\VanDyke Software\Clients\;C:\ProgramData\Oracle\Java\javapath;C:\Python27\;C:\Python27\Scripts;C:\Windows\system32;C:\Windows;C:\Windows\System32\Wbem;C:\Windows\System32\WindowsPowerShell\v1.0\;C:\Program Files (x86)\NVIDIA Corporation\PhysX\Common;C:\Program Files\nodejs\;C:\Program Files\MongoDB\Server\3.2\bin;C:\Users\sczhi\.dnx\bin;C:\Program Files\Microsoft DNX\Dnvm\;C:\Program Files\Microsoft SQL Server\120\Tools\Binn\;C:\Program Files\Microsoft SQL Server\130\Tools\Binn\;C:\Program Files\Java\jdk1.8.0_152\bin;C:\Program Files\Java\jdk1.8.0_152\jre\bin;C:\Program Files (x86)\Pandoc\;C:\Program Files (x86)\Windows Kits\8.1\Windows Performance Toolkit\;C:\Users\sczhi\AppData\Local\Android\sdk\platform-tools;C:\Users\sczhi\AppData\Local\Android\sdk;C:\Users\sczhi\AppData\Local\Android\sdk\emulator;C:\Users\sczhi\AppData\Local\Android\android-ndk-r10e;C:\Program Files (x86)\GtkSharp\2.12\bin;C:\Program Files\Git\cmd;C:\Program Files (x86)\Yarn\bin\;C:\Ruby23-x64\bin;C:\Users\sczhi\AppData\Roaming\npm;C:\Users\sczhi\AppData\Local\Programs\Fiddler;C:\Program Files\Microsoft VS Code\bin;C:\Users\sczhi\AppData\Local\Yarn\bin

Yarn version: 
  1.5.1

Node version: 
  6.10.3

Platform: 
  win32 x64

npm manifest: 
  

yarn manifest: 
  No manifest

Lockfile: 
  # THIS IS AN AUTOGENERATED FILE. DO NOT EDIT THIS FILE DIRECTLY.
  # yarn lockfile v1

Trace: 
  SyntaxError: C:\Users\sczhi\Desktop\typescript-app\package.json: Unexpected end of JSON input
      at Object.parse (native)
      at C:\Program Files (x86)\Yarn\lib\cli.js:1036:59
      at next (native)
      at step (C:\Program Files (x86)\Yarn\lib\cli.js:98:30)
      at C:\Program Files (x86)\Yarn\lib\cli.js:109:13
